{
  "RSpec": {
    "coverage": {
      "C:/Users/lukey/OneDrive - Technological University Dublin/Code/College Projects/Blood Pressure Container/app/controllers/blood_pressure_calculator_controller.rb": {
        "lines": [
          null,
          null,
          1,
          1,
          1,
          1,
          1,
          1,
          null,
          null,
          null,
          null,
          null,
          null,
          1,
          null,
          6,
          null,
          2,
          2,
          null,
          2,
          null,
          1,
          1,
          1,
          null,
          null,
          1,
          1,
          1,
          null,
          null,
          null,
          1,
          null,
          1,
          2,
          null,
          null,
          1,
          1,
          0,
          1,
          1,
          0,
          0,
          null,
          0,
          null,
          null,
          null
        ]
      },
      "C:/Users/lukey/OneDrive - Technological University Dublin/Code/College Projects/Blood Pressure Container/app/controllers/application_controller.rb": {
        "lines": [
          null,
          null,
          1,
          null
        ]
      }
    },
    "timestamp": 1732896846
  }
}
